{"C:\\Users\\Ricardo\\Desktop\\TCC SERVER\\server.js":{"path":"C:\\Users\\Ricardo\\Desktop\\TCC SERVER\\server.js","s":{"1":1,"2":1,"3":1,"4":1,"5":1,"6":1,"7":1,"8":1,"9":1,"10":1,"11":1,"12":1,"13":1,"14":1,"15":1,"16":1,"17":13,"18":13,"19":13,"20":1,"21":1,"22":1,"23":1,"24":1,"25":1},"b":{"1":[1,1],"2":[1,1]},"f":{"1":1,"2":13,"3":1},"fnMap":{"1":{"name":"(anonymous_1)","line":18,"loc":{"start":{"line":18,"column":56},"end":{"line":18,"column":68}}},"2":{"name":"(anonymous_2)","line":22,"loc":{"start":{"line":22,"column":8},"end":{"line":22,"column":33}}},"3":{"name":"(anonymous_3)","line":28,"loc":{"start":{"line":28,"column":13},"end":{"line":28,"column":33}}}},"statementMap":{"1":{"start":{"line":1,"column":0},"end":{"line":1,"column":33}},"2":{"start":{"line":2,"column":0},"end":{"line":2,"column":34}},"3":{"start":{"line":3,"column":0},"end":{"line":3,"column":43}},"4":{"start":{"line":4,"column":0},"end":{"line":4,"column":43}},"5":{"start":{"line":5,"column":0},"end":{"line":5,"column":45}},"6":{"start":{"line":6,"column":0},"end":{"line":6,"column":47}},"7":{"start":{"line":8,"column":0},"end":{"line":8,"column":20}},"8":{"start":{"line":9,"column":0},"end":{"line":9,"column":30}},"9":{"start":{"line":11,"column":0},"end":{"line":11,"column":40}},"10":{"start":{"line":12,"column":0},"end":{"line":12,"column":41}},"11":{"start":{"line":13,"column":0},"end":{"line":13,"column":65}},"12":{"start":{"line":15,"column":0},"end":{"line":15,"column":58}},"13":{"start":{"line":16,"column":0},"end":{"line":16,"column":71}},"14":{"start":{"line":18,"column":0},"end":{"line":20,"column":3}},"15":{"start":{"line":19,"column":4},"end":{"line":19,"column":82}},"16":{"start":{"line":22,"column":0},"end":{"line":26,"column":3}},"17":{"start":{"line":23,"column":2},"end":{"line":23,"column":49}},"18":{"start":{"line":24,"column":2},"end":{"line":24,"column":95}},"19":{"start":{"line":25,"column":2},"end":{"line":25,"column":9}},"20":{"start":{"line":28,"column":0},"end":{"line":30,"column":3}},"21":{"start":{"line":29,"column":4},"end":{"line":29,"column":80}},"22":{"start":{"line":32,"column":0},"end":{"line":32,"column":30}},"23":{"start":{"line":33,"column":0},"end":{"line":33,"column":30}},"24":{"start":{"line":34,"column":0},"end":{"line":34,"column":32}},"25":{"start":{"line":35,"column":0},"end":{"line":35,"column":34}}},"branchMap":{"1":{"line":15,"type":"binary-expr","locations":[{"start":{"line":15,"column":18},"end":{"line":15,"column":51}},{"start":{"line":15,"column":55},"end":{"line":15,"column":57}}]},"2":{"line":16,"type":"binary-expr","locations":[{"start":{"line":16,"column":24},"end":{"line":16,"column":55}},{"start":{"line":16,"column":59},"end":{"line":16,"column":70}}]}}},"C:\\Users\\Ricardo\\Desktop\\TCC SERVER\\routes\\user.js":{"path":"C:\\Users\\Ricardo\\Desktop\\TCC SERVER\\routes\\user.js","s":{"1":1,"2":1,"3":1,"4":1,"5":1,"6":0,"7":1,"8":1,"9":1,"10":1,"11":1,"12":1,"13":1,"14":1,"15":0,"16":1,"17":1,"18":1,"19":1,"20":1,"21":1,"22":1,"23":0,"24":0,"25":0,"26":0,"27":0,"28":1,"29":2,"30":2,"31":2,"32":1,"33":1,"34":2,"35":1},"b":{"1":[1,0],"2":[0,0],"3":[1,1]},"f":{"1":0,"2":1,"3":1,"4":1,"5":1,"6":1,"7":1,"8":0,"9":0,"10":2,"11":2},"fnMap":{"1":{"name":"(anonymous_1)","line":10,"loc":{"start":{"line":10,"column":21},"end":{"line":10,"column":41}}},"2":{"name":"(anonymous_2)","line":15,"loc":{"start":{"line":15,"column":16},"end":{"line":15,"column":36}}},"3":{"name":"(anonymous_3)","line":16,"loc":{"start":{"line":16,"column":23},"end":{"line":16,"column":43}}},"4":{"name":"(anonymous_4)","line":23,"loc":{"start":{"line":23,"column":22},"end":{"line":23,"column":42}}},"5":{"name":"(anonymous_5)","line":24,"loc":{"start":{"line":24,"column":19},"end":{"line":24,"column":38}}},"6":{"name":"(anonymous_6)","line":45,"loc":{"start":{"line":45,"column":45},"end":{"line":45,"column":65}}},"7":{"name":"(anonymous_7)","line":46,"loc":{"start":{"line":46,"column":19},"end":{"line":46,"column":39}}},"8":{"name":"(anonymous_8)","line":56,"loc":{"start":{"line":56,"column":21},"end":{"line":56,"column":41}}},"9":{"name":"(anonymous_9)","line":57,"loc":{"start":{"line":57,"column":19},"end":{"line":57,"column":35}}},"10":{"name":"(anonymous_10)","line":71,"loc":{"start":{"line":71,"column":19},"end":{"line":71,"column":39}}},"11":{"name":"(anonymous_11)","line":73,"loc":{"start":{"line":73,"column":19},"end":{"line":73,"column":39}}}},"statementMap":{"1":{"start":{"line":1,"column":0},"end":{"line":1,"column":33}},"2":{"start":{"line":2,"column":0},"end":{"line":2,"column":64}},"3":{"start":{"line":3,"column":0},"end":{"line":3,"column":60}},"4":{"start":{"line":5,"column":0},"end":{"line":5,"column":30}},"5":{"start":{"line":10,"column":0},"end":{"line":12,"column":3}},"6":{"start":{"line":11,"column":4},"end":{"line":11,"column":28}},"7":{"start":{"line":15,"column":0},"end":{"line":20,"column":3}},"8":{"start":{"line":16,"column":4},"end":{"line":18,"column":6}},"9":{"start":{"line":17,"column":8},"end":{"line":17,"column":26}},"10":{"start":{"line":19,"column":4},"end":{"line":19,"column":52}},"11":{"start":{"line":23,"column":0},"end":{"line":41,"column":3}},"12":{"start":{"line":24,"column":4},"end":{"line":37,"column":5}},"13":{"start":{"line":25,"column":8},"end":{"line":36,"column":9}},"14":{"start":{"line":26,"column":12},"end":{"line":29,"column":15}},"15":{"start":{"line":32,"column":12},"end":{"line":35,"column":15}},"16":{"start":{"line":39,"column":4},"end":{"line":39,"column":56}},"17":{"start":{"line":40,"column":4},"end":{"line":40,"column":68}},"18":{"start":{"line":45,"column":0},"end":{"line":53,"column":2}},"19":{"start":{"line":46,"column":4},"end":{"line":48,"column":5}},"20":{"start":{"line":47,"column":8},"end":{"line":47,"column":39}},"21":{"start":{"line":50,"column":4},"end":{"line":50,"column":40}},"22":{"start":{"line":56,"column":0},"end":{"line":67,"column":3}},"23":{"start":{"line":57,"column":4},"end":{"line":64,"column":6}},"24":{"start":{"line":58,"column":8},"end":{"line":63,"column":15}},"25":{"start":{"line":59,"column":12},"end":{"line":59,"column":39}},"26":{"start":{"line":61,"column":12},"end":{"line":63,"column":15}},"27":{"start":{"line":66,"column":4},"end":{"line":66,"column":67}},"28":{"start":{"line":71,"column":0},"end":{"line":88,"column":3}},"29":{"start":{"line":72,"column":4},"end":{"line":72,"column":31}},"30":{"start":{"line":73,"column":4},"end":{"line":86,"column":6}},"31":{"start":{"line":74,"column":8},"end":{"line":85,"column":9}},"32":{"start":{"line":75,"column":12},"end":{"line":77,"column":15}},"33":{"start":{"line":82,"column":12},"end":{"line":84,"column":15}},"34":{"start":{"line":87,"column":4},"end":{"line":87,"column":45}},"35":{"start":{"line":91,"column":0},"end":{"line":91,"column":24}}},"branchMap":{"1":{"line":25,"type":"if","locations":[{"start":{"line":25,"column":8},"end":{"line":25,"column":8}},{"start":{"line":25,"column":8},"end":{"line":25,"column":8}}]},"2":{"line":58,"type":"if","locations":[{"start":{"line":58,"column":8},"end":{"line":58,"column":8}},{"start":{"line":58,"column":8},"end":{"line":58,"column":8}}]},"3":{"line":74,"type":"if","locations":[{"start":{"line":74,"column":8},"end":{"line":74,"column":8}},{"start":{"line":74,"column":8},"end":{"line":74,"column":8}}]}}},"C:\\Users\\Ricardo\\Desktop\\TCC SERVER\\middlewares\\user_middleware.js":{"path":"C:\\Users\\Ricardo\\Desktop\\TCC SERVER\\middlewares\\user_middleware.js","s":{"1":1,"2":1,"3":2,"4":2,"5":2,"6":1,"7":1,"8":1},"b":{"1":[1,1]},"f":{"1":2,"2":2},"fnMap":{"1":{"name":"(anonymous_1)","line":5,"loc":{"start":{"line":5,"column":17},"end":{"line":5,"column":41}}},"2":{"name":"(anonymous_2)","line":6,"loc":{"start":{"line":6,"column":81},"end":{"line":6,"column":108}}}},"statementMap":{"1":{"start":{"line":1,"column":0},"end":{"line":1,"column":36}},"2":{"start":{"line":5,"column":0},"end":{"line":15,"column":2}},"3":{"start":{"line":6,"column":4},"end":{"line":14,"column":7}},"4":{"start":{"line":7,"column":8},"end":{"line":7,"column":26}},"5":{"start":{"line":8,"column":8},"end":{"line":11,"column":15}},"6":{"start":{"line":9,"column":12},"end":{"line":11,"column":15}},"7":{"start":{"line":12,"column":8},"end":{"line":12,"column":22}},"8":{"start":{"line":17,"column":0},"end":{"line":17,"column":39}}},"branchMap":{"1":{"line":8,"type":"if","locations":[{"start":{"line":8,"column":8},"end":{"line":8,"column":8}},{"start":{"line":8,"column":8},"end":{"line":8,"column":8}}]}}},"C:\\Users\\Ricardo\\Desktop\\TCC SERVER\\util\\db_conn.js":{"path":"C:\\Users\\Ricardo\\Desktop\\TCC SERVER\\util\\db_conn.js","s":{"1":1,"2":1,"3":1,"4":1,"5":1,"6":0,"7":0,"8":1,"9":1},"b":{"1":[1,1],"2":[1,1],"3":[1,1],"4":[1,1],"5":[0,1]},"f":{"1":1},"fnMap":{"1":{"name":"(anonymous_1)","line":12,"loc":{"start":{"line":12,"column":16},"end":{"line":12,"column":30}}}},"statementMap":{"1":{"start":{"line":1,"column":0},"end":{"line":1,"column":34}},"2":{"start":{"line":2,"column":0},"end":{"line":2,"column":30}},"3":{"start":{"line":4,"column":0},"end":{"line":10,"column":3}},"4":{"start":{"line":12,"column":0},"end":{"line":18,"column":3}},"5":{"start":{"line":13,"column":0},"end":{"line":16,"column":1}},"6":{"start":{"line":14,"column":4},"end":{"line":14,"column":52}},"7":{"start":{"line":15,"column":4},"end":{"line":15,"column":11}},"8":{"start":{"line":17,"column":0},"end":{"line":17,"column":51}},"9":{"start":{"line":20,"column":0},"end":{"line":20,"column":25}}},"branchMap":{"1":{"line":5,"type":"binary-expr","locations":[{"start":{"line":5,"column":11},"end":{"line":5,"column":46}},{"start":{"line":5,"column":50},"end":{"line":5,"column":61}}]},"2":{"line":6,"type":"binary-expr","locations":[{"start":{"line":6,"column":11},"end":{"line":6,"column":46}},{"start":{"line":6,"column":50},"end":{"line":6,"column":56}}]},"3":{"line":7,"type":"binary-expr","locations":[{"start":{"line":7,"column":11},"end":{"line":7,"column":50}},{"start":{"line":7,"column":54},"end":{"line":7,"column":68}}]},"4":{"line":8,"type":"binary-expr","locations":[{"start":{"line":8,"column":15},"end":{"line":8,"column":54}},{"start":{"line":8,"column":59},"end":{"line":8,"column":73}}]},"5":{"line":13,"type":"if","locations":[{"start":{"line":13,"column":0},"end":{"line":13,"column":0}},{"start":{"line":13,"column":0},"end":{"line":13,"column":0}}]}}},"C:\\Users\\Ricardo\\Desktop\\TCC SERVER\\services\\user\\user_service.js":{"path":"C:\\Users\\Ricardo\\Desktop\\TCC SERVER\\services\\user\\user_service.js","s":{"1":1,"2":1,"3":1,"4":1,"5":0,"6":1,"7":1,"8":1,"9":1,"10":1,"11":0,"12":1,"13":1,"14":1,"15":0,"16":1,"17":1,"18":0,"19":0,"20":1,"21":1,"22":1,"23":0,"24":1,"25":1,"26":0,"27":1,"28":2,"29":2,"30":0,"31":2,"32":1,"33":1,"34":1,"35":1,"36":1,"37":1,"38":1},"b":{"1":[0,1],"2":[0,1],"3":[0,1],"4":[0,1],"5":[1,0],"6":[0,2],"7":[1,1]},"f":{"1":1,"2":1,"3":1,"4":1,"5":1,"6":0,"7":0,"8":1,"9":1,"10":2,"11":2},"fnMap":{"1":{"name":"(anonymous_1)","line":4,"loc":{"start":{"line":4,"column":14},"end":{"line":4,"column":36}}},"2":{"name":"(anonymous_2)","line":5,"loc":{"start":{"line":5,"column":39},"end":{"line":5,"column":67}}},"3":{"name":"(anonymous_3)","line":14,"loc":{"start":{"line":14,"column":14},"end":{"line":14,"column":37}}},"4":{"name":"(anonymous_4)","line":17,"loc":{"start":{"line":17,"column":108},"end":{"line":17,"column":130}}},"5":{"name":"(anonymous_5)","line":22,"loc":{"start":{"line":22,"column":72},"end":{"line":22,"column":92}}},"6":{"name":"(anonymous_6)","line":34,"loc":{"start":{"line":34,"column":11},"end":{"line":34,"column":46}}},"7":{"name":"(anonymous_7)","line":35,"loc":{"start":{"line":35,"column":101},"end":{"line":35,"column":128}}},"8":{"name":"(anonymous_8)","line":41,"loc":{"start":{"line":41,"column":15},"end":{"line":41,"column":48}}},"9":{"name":"(anonymous_9)","line":42,"loc":{"start":{"line":42,"column":84},"end":{"line":42,"column":105}}},"10":{"name":"(anonymous_10)","line":54,"loc":{"start":{"line":54,"column":17},"end":{"line":54,"column":43}}},"11":{"name":"(anonymous_11)","line":55,"loc":{"start":{"line":55,"column":58},"end":{"line":55,"column":79}}}},"statementMap":{"1":{"start":{"line":1,"column":0},"end":{"line":1,"column":39}},"2":{"start":{"line":4,"column":1},"end":{"line":11,"column":2}},"3":{"start":{"line":5,"column":4},"end":{"line":10,"column":7}},"4":{"start":{"line":6,"column":8},"end":{"line":6,"column":27}},"5":{"start":{"line":6,"column":17},"end":{"line":6,"column":27}},"6":{"start":{"line":9,"column":8},"end":{"line":9,"column":27}},"7":{"start":{"line":14,"column":0},"end":{"line":31,"column":2}},"8":{"start":{"line":15,"column":4},"end":{"line":15,"column":24}},"9":{"start":{"line":16,"column":4},"end":{"line":30,"column":7}},"10":{"start":{"line":18,"column":8},"end":{"line":29,"column":9}},"11":{"start":{"line":19,"column":13},"end":{"line":19,"column":23}},"12":{"start":{"line":21,"column":12},"end":{"line":21,"column":37}},"13":{"start":{"line":22,"column":12},"end":{"line":28,"column":15}},"14":{"start":{"line":23,"column":17},"end":{"line":27,"column":17}},"15":{"start":{"line":24,"column":21},"end":{"line":24,"column":31}},"16":{"start":{"line":26,"column":20},"end":{"line":26,"column":38}},"17":{"start":{"line":34,"column":0},"end":{"line":38,"column":2}},"18":{"start":{"line":35,"column":4},"end":{"line":37,"column":7}},"19":{"start":{"line":36,"column":7},"end":{"line":36,"column":25}},"20":{"start":{"line":41,"column":0},"end":{"line":51,"column":2}},"21":{"start":{"line":42,"column":4},"end":{"line":50,"column":7}},"22":{"start":{"line":44,"column":8},"end":{"line":45,"column":22}},"23":{"start":{"line":45,"column":12},"end":{"line":45,"column":22}},"24":{"start":{"line":46,"column":8},"end":{"line":49,"column":28}},"25":{"start":{"line":47,"column":12},"end":{"line":47,"column":27}},"26":{"start":{"line":49,"column":12},"end":{"line":49,"column":28}},"27":{"start":{"line":54,"column":0},"end":{"line":63,"column":2}},"28":{"start":{"line":55,"column":4},"end":{"line":62,"column":7}},"29":{"start":{"line":56,"column":8},"end":{"line":57,"column":22}},"30":{"start":{"line":57,"column":12},"end":{"line":57,"column":22}},"31":{"start":{"line":58,"column":8},"end":{"line":61,"column":28}},"32":{"start":{"line":59,"column":12},"end":{"line":59,"column":27}},"33":{"start":{"line":61,"column":12},"end":{"line":61,"column":28}},"34":{"start":{"line":65,"column":0},"end":{"line":65,"column":31}},"35":{"start":{"line":66,"column":0},"end":{"line":66,"column":33}},"36":{"start":{"line":67,"column":0},"end":{"line":67,"column":27}},"37":{"start":{"line":68,"column":0},"end":{"line":68,"column":35}},"38":{"start":{"line":69,"column":0},"end":{"line":69,"column":39}}},"branchMap":{"1":{"line":6,"type":"if","locations":[{"start":{"line":6,"column":8},"end":{"line":6,"column":8}},{"start":{"line":6,"column":8},"end":{"line":6,"column":8}}]},"2":{"line":18,"type":"if","locations":[{"start":{"line":18,"column":8},"end":{"line":18,"column":8}},{"start":{"line":18,"column":8},"end":{"line":18,"column":8}}]},"3":{"line":23,"type":"if","locations":[{"start":{"line":23,"column":17},"end":{"line":23,"column":17}},{"start":{"line":23,"column":17},"end":{"line":23,"column":17}}]},"4":{"line":44,"type":"if","locations":[{"start":{"line":44,"column":8},"end":{"line":44,"column":8}},{"start":{"line":44,"column":8},"end":{"line":44,"column":8}}]},"5":{"line":46,"type":"if","locations":[{"start":{"line":46,"column":8},"end":{"line":46,"column":8}},{"start":{"line":46,"column":8},"end":{"line":46,"column":8}}]},"6":{"line":56,"type":"if","locations":[{"start":{"line":56,"column":8},"end":{"line":56,"column":8}},{"start":{"line":56,"column":8},"end":{"line":56,"column":8}}]},"7":{"line":58,"type":"if","locations":[{"start":{"line":58,"column":8},"end":{"line":58,"column":8}},{"start":{"line":58,"column":8},"end":{"line":58,"column":8}}]}}},"C:\\Users\\Ricardo\\Desktop\\TCC SERVER\\routes\\mark.js":{"path":"C:\\Users\\Ricardo\\Desktop\\TCC SERVER\\routes\\mark.js","s":{"1":1,"2":1,"3":1,"4":1,"5":1,"6":1,"7":1,"8":2,"9":2,"10":2,"11":2,"12":1,"13":1,"14":1,"15":1,"16":1,"17":1,"18":1,"19":1,"20":1,"21":1,"22":0,"23":1,"24":1,"25":1,"26":1},"b":{"1":[1,0]},"f":{"1":2,"2":2,"3":1,"4":1,"5":1,"6":1,"7":1,"8":1},"fnMap":{"1":{"name":"(anonymous_1)","line":15,"loc":{"start":{"line":15,"column":20},"end":{"line":15,"column":40}}},"2":{"name":"(anonymous_2)","line":17,"loc":{"start":{"line":17,"column":19},"end":{"line":17,"column":39}}},"3":{"name":"(anonymous_3)","line":24,"loc":{"start":{"line":24,"column":16},"end":{"line":24,"column":36}}},"4":{"name":"(anonymous_4)","line":25,"loc":{"start":{"line":25,"column":19},"end":{"line":25,"column":39}}},"5":{"name":"(anonymous_5)","line":33,"loc":{"start":{"line":33,"column":17},"end":{"line":33,"column":37}}},"6":{"name":"(anonymous_6)","line":36,"loc":{"start":{"line":36,"column":19},"end":{"line":36,"column":46}}},"7":{"name":"(anonymous_7)","line":58,"loc":{"start":{"line":58,"column":49},"end":{"line":58,"column":67}}},"8":{"name":"(anonymous_8)","line":61,"loc":{"start":{"line":61,"column":12},"end":{"line":61,"column":24}}}},"statementMap":{"1":{"start":{"line":1,"column":0},"end":{"line":1,"column":33}},"2":{"start":{"line":2,"column":0},"end":{"line":2,"column":60}},"3":{"start":{"line":3,"column":0},"end":{"line":3,"column":60}},"4":{"start":{"line":4,"column":0},"end":{"line":4,"column":39}},"5":{"start":{"line":6,"column":0},"end":{"line":6,"column":30}},"6":{"start":{"line":8,"column":0},"end":{"line":12,"column":3}},"7":{"start":{"line":15,"column":0},"end":{"line":21,"column":3}},"8":{"start":{"line":16,"column":4},"end":{"line":16,"column":34}},"9":{"start":{"line":17,"column":4},"end":{"line":19,"column":6}},"10":{"start":{"line":18,"column":8},"end":{"line":18,"column":39}},"11":{"start":{"line":20,"column":4},"end":{"line":20,"column":47}},"12":{"start":{"line":24,"column":0},"end":{"line":29,"column":3}},"13":{"start":{"line":25,"column":4},"end":{"line":27,"column":6}},"14":{"start":{"line":26,"column":8},"end":{"line":26,"column":39}},"15":{"start":{"line":28,"column":4},"end":{"line":28,"column":34}},"16":{"start":{"line":33,"column":0},"end":{"line":65,"column":3}},"17":{"start":{"line":34,"column":4},"end":{"line":34,"column":15}},"18":{"start":{"line":36,"column":4},"end":{"line":55,"column":6}},"19":{"start":{"line":37,"column":8},"end":{"line":54,"column":9}},"20":{"start":{"line":38,"column":12},"end":{"line":41,"column":15}},"21":{"start":{"line":46,"column":16},"end":{"line":46,"column":88}},"22":{"start":{"line":50,"column":12},"end":{"line":53,"column":15}},"23":{"start":{"line":58,"column":4},"end":{"line":63,"column":7}},"24":{"start":{"line":60,"column":8},"end":{"line":60,"column":28}},"25":{"start":{"line":62,"column":8},"end":{"line":62,"column":57}},"26":{"start":{"line":68,"column":0},"end":{"line":68,"column":24}}},"branchMap":{"1":{"line":37,"type":"if","locations":[{"start":{"line":37,"column":8},"end":{"line":37,"column":8}},{"start":{"line":37,"column":8},"end":{"line":37,"column":8}}]}}},"C:\\Users\\Ricardo\\Desktop\\TCC SERVER\\services\\mark\\mark_service.js":{"path":"C:\\Users\\Ricardo\\Desktop\\TCC SERVER\\services\\mark\\mark_service.js","s":{"1":1,"2":1,"3":1,"4":1,"5":0,"6":1,"7":1,"8":2,"9":2,"10":0,"11":2,"12":1,"13":1,"14":1,"15":0,"16":1,"17":1,"18":0,"19":1,"20":1,"21":1,"22":0,"23":1,"24":1,"25":1,"26":1,"27":1},"b":{"1":[0,1],"2":[0,2],"3":[0,1],"4":[1,0],"5":[0,1]},"f":{"1":1,"2":1,"3":2,"4":2,"5":1,"6":1,"7":1,"8":1},"fnMap":{"1":{"name":"(anonymous_1)","line":3,"loc":{"start":{"line":3,"column":13},"end":{"line":3,"column":33}}},"2":{"name":"(anonymous_2)","line":5,"loc":{"start":{"line":5,"column":40},"end":{"line":5,"column":69}}},"3":{"name":"(anonymous_3)","line":13,"loc":{"start":{"line":13,"column":18},"end":{"line":13,"column":46}}},"4":{"name":"(anonymous_4)","line":17,"loc":{"start":{"line":17,"column":68},"end":{"line":17,"column":97}}},"5":{"name":"(anonymous_5)","line":27,"loc":{"start":{"line":27,"column":14},"end":{"line":27,"column":48}}},"6":{"name":"(anonymous_6)","line":29,"loc":{"start":{"line":29,"column":130},"end":{"line":29,"column":153}}},"7":{"name":"(anonymous_7)","line":42,"loc":{"start":{"line":42,"column":14},"end":{"line":42,"column":38}}},"8":{"name":"(anonymous_8)","line":46,"loc":{"start":{"line":46,"column":35},"end":{"line":46,"column":64}}}},"statementMap":{"1":{"start":{"line":1,"column":0},"end":{"line":1,"column":39}},"2":{"start":{"line":3,"column":0},"end":{"line":11,"column":2}},"3":{"start":{"line":4,"column":4},"end":{"line":10,"column":11}},"4":{"start":{"line":6,"column":12},"end":{"line":9,"column":31}},"5":{"start":{"line":7,"column":16},"end":{"line":7,"column":26}},"6":{"start":{"line":9,"column":16},"end":{"line":9,"column":31}},"7":{"start":{"line":13,"column":0},"end":{"line":25,"column":2}},"8":{"start":{"line":14,"column":4},"end":{"line":24,"column":11}},"9":{"start":{"line":18,"column":12},"end":{"line":23,"column":13}},"10":{"start":{"line":19,"column":16},"end":{"line":19,"column":26}},"11":{"start":{"line":22,"column":16},"end":{"line":22,"column":31}},"12":{"start":{"line":27,"column":0},"end":{"line":39,"column":2}},"13":{"start":{"line":28,"column":4},"end":{"line":38,"column":10}},"14":{"start":{"line":30,"column":12},"end":{"line":31,"column":26}},"15":{"start":{"line":31,"column":16},"end":{"line":31,"column":26}},"16":{"start":{"line":32,"column":12},"end":{"line":37,"column":38}},"17":{"start":{"line":34,"column":16},"end":{"line":34,"column":48}},"18":{"start":{"line":37,"column":16},"end":{"line":37,"column":38}},"19":{"start":{"line":42,"column":0},"end":{"line":52,"column":2}},"20":{"start":{"line":43,"column":4},"end":{"line":51,"column":7}},"21":{"start":{"line":47,"column":8},"end":{"line":50,"column":27}},"22":{"start":{"line":48,"column":12},"end":{"line":48,"column":22}},"23":{"start":{"line":50,"column":12},"end":{"line":50,"column":27}},"24":{"start":{"line":54,"column":0},"end":{"line":54,"column":31}},"25":{"start":{"line":55,"column":0},"end":{"line":55,"column":41}},"26":{"start":{"line":56,"column":0},"end":{"line":56,"column":33}},"27":{"start":{"line":57,"column":0},"end":{"line":57,"column":33}}},"branchMap":{"1":{"line":6,"type":"if","locations":[{"start":{"line":6,"column":12},"end":{"line":6,"column":12}},{"start":{"line":6,"column":12},"end":{"line":6,"column":12}}]},"2":{"line":18,"type":"if","locations":[{"start":{"line":18,"column":12},"end":{"line":18,"column":12}},{"start":{"line":18,"column":12},"end":{"line":18,"column":12}}]},"3":{"line":30,"type":"if","locations":[{"start":{"line":30,"column":12},"end":{"line":30,"column":12}},{"start":{"line":30,"column":12},"end":{"line":30,"column":12}}]},"4":{"line":32,"type":"if","locations":[{"start":{"line":32,"column":12},"end":{"line":32,"column":12}},{"start":{"line":32,"column":12},"end":{"line":32,"column":12}}]},"5":{"line":47,"type":"if","locations":[{"start":{"line":47,"column":8},"end":{"line":47,"column":8}},{"start":{"line":47,"column":8},"end":{"line":47,"column":8}}]}}},"C:\\Users\\Ricardo\\Desktop\\TCC SERVER\\services\\push\\push_service.js":{"path":"C:\\Users\\Ricardo\\Desktop\\TCC SERVER\\services\\push\\push_service.js","s":{"1":1,"2":1,"3":1,"4":1,"5":1,"6":1,"7":1,"8":1,"9":0,"10":1,"11":1,"12":1,"13":1,"14":1,"15":1,"16":1,"17":1,"18":1,"19":1,"20":1,"21":1,"22":1,"23":1,"24":1,"25":1,"26":0,"27":0,"28":0,"29":1},"b":{"1":[0,1]},"f":{"1":1,"2":1,"3":1,"4":0,"5":0},"fnMap":{"1":{"name":"(anonymous_1)","line":9,"loc":{"start":{"line":9,"column":11},"end":{"line":9,"column":45}}},"2":{"name":"(anonymous_2)","line":14,"loc":{"start":{"line":14,"column":83},"end":{"line":14,"column":104}}},"3":{"name":"(anonymous_3)","line":31,"loc":{"start":{"line":31,"column":15},"end":{"line":31,"column":37}}},"4":{"name":"(anonymous_4)","line":53,"loc":{"start":{"line":53,"column":53},"end":{"line":53,"column":71}}},"5":{"name":"(anonymous_5)","line":57,"loc":{"start":{"line":57,"column":7},"end":{"line":57,"column":22}}}},"statementMap":{"1":{"start":{"line":1,"column":0},"end":{"line":1,"column":30}},"2":{"start":{"line":2,"column":0},"end":{"line":2,"column":51}},"3":{"start":{"line":3,"column":0},"end":{"line":3,"column":39}},"4":{"start":{"line":5,"column":0},"end":{"line":5,"column":58}},"5":{"start":{"line":6,"column":0},"end":{"line":6,"column":23}},"6":{"start":{"line":9,"column":0},"end":{"line":28,"column":2}},"7":{"start":{"line":11,"column":4},"end":{"line":27,"column":11}},"8":{"start":{"line":15,"column":12},"end":{"line":16,"column":26}},"9":{"start":{"line":16,"column":16},"end":{"line":16,"column":26}},"10":{"start":{"line":21,"column":12},"end":{"line":25,"column":13}},"11":{"start":{"line":23,"column":16},"end":{"line":23,"column":50}},"12":{"start":{"line":24,"column":16},"end":{"line":24,"column":50}},"13":{"start":{"line":26,"column":12},"end":{"line":26,"column":51}},"14":{"start":{"line":31,"column":0},"end":{"line":62,"column":2}},"15":{"start":{"line":32,"column":4},"end":{"line":32,"column":24}},"16":{"start":{"line":33,"column":4},"end":{"line":33,"column":43}},"17":{"start":{"line":34,"column":4},"end":{"line":34,"column":36}},"18":{"start":{"line":35,"column":4},"end":{"line":35,"column":53}},"19":{"start":{"line":36,"column":4},"end":{"line":36,"column":116}},"20":{"start":{"line":37,"column":4},"end":{"line":37,"column":40}},"21":{"start":{"line":38,"column":4},"end":{"line":38,"column":56}},"22":{"start":{"line":44,"column":4},"end":{"line":44,"column":41}},"23":{"start":{"line":45,"column":4},"end":{"line":45,"column":34}},"24":{"start":{"line":46,"column":4},"end":{"line":46,"column":32}},"25":{"start":{"line":53,"column":4},"end":{"line":60,"column":7}},"26":{"start":{"line":55,"column":8},"end":{"line":55,"column":27}},"27":{"start":{"line":58,"column":8},"end":{"line":58,"column":52}},"28":{"start":{"line":59,"column":8},"end":{"line":59,"column":27}},"29":{"start":{"line":64,"column":0},"end":{"line":64,"column":27}}},"branchMap":{"1":{"line":15,"type":"if","locations":[{"start":{"line":15,"column":12},"end":{"line":15,"column":12}},{"start":{"line":15,"column":12},"end":{"line":15,"column":12}}]}}},"C:\\Users\\Ricardo\\Desktop\\TCC SERVER\\routes\\cases.js":{"path":"C:\\Users\\Ricardo\\Desktop\\TCC SERVER\\routes\\cases.js","s":{"1":1,"2":1,"3":1,"4":1,"5":1,"6":1,"7":1,"8":1,"9":1,"10":1,"11":1},"b":{},"f":{"1":1,"2":1},"fnMap":{"1":{"name":"(anonymous_1)","line":6,"loc":{"start":{"line":6,"column":24},"end":{"line":6,"column":43}}},"2":{"name":"(anonymous_2)","line":10,"loc":{"start":{"line":10,"column":19},"end":{"line":10,"column":38}}}},"statementMap":{"1":{"start":{"line":1,"column":0},"end":{"line":1,"column":33}},"2":{"start":{"line":2,"column":0},"end":{"line":2,"column":63}},"3":{"start":{"line":4,"column":0},"end":{"line":4,"column":30}},"4":{"start":{"line":6,"column":0},"end":{"line":14,"column":3}},"5":{"start":{"line":7,"column":4},"end":{"line":7,"column":28}},"6":{"start":{"line":8,"column":4},"end":{"line":8,"column":28}},"7":{"start":{"line":9,"column":4},"end":{"line":9,"column":34}},"8":{"start":{"line":10,"column":4},"end":{"line":12,"column":6}},"9":{"start":{"line":11,"column":8},"end":{"line":11,"column":39}},"10":{"start":{"line":13,"column":4},"end":{"line":13,"column":75}},"11":{"start":{"line":16,"column":0},"end":{"line":16,"column":24}}},"branchMap":{}},"C:\\Users\\Ricardo\\Desktop\\TCC SERVER\\services\\cases\\cases_service.js":{"path":"C:\\Users\\Ricardo\\Desktop\\TCC SERVER\\services\\cases\\cases_service.js","s":{"1":1,"2":1,"3":1,"4":1,"5":0,"6":1,"7":1},"b":{"1":[0,1]},"f":{"1":1,"2":1},"fnMap":{"1":{"name":"(anonymous_1)","line":3,"loc":{"start":{"line":3,"column":35},"end":{"line":3,"column":72}}},"2":{"name":"(anonymous_2)","line":14,"loc":{"start":{"line":14,"column":65},"end":{"line":14,"column":93}}}},"statementMap":{"1":{"start":{"line":1,"column":0},"end":{"line":1,"column":39}},"2":{"start":{"line":3,"column":0},"end":{"line":21,"column":2}},"3":{"start":{"line":4,"column":4},"end":{"line":20,"column":7}},"4":{"start":{"line":15,"column":12},"end":{"line":19,"column":13}},"5":{"start":{"line":16,"column":16},"end":{"line":16,"column":26}},"6":{"start":{"line":18,"column":15},"end":{"line":18,"column":30}},"7":{"start":{"line":23,"column":0},"end":{"line":23,"column":75}}},"branchMap":{"1":{"line":15,"type":"if","locations":[{"start":{"line":15,"column":12},"end":{"line":15,"column":12}},{"start":{"line":15,"column":12},"end":{"line":15,"column":12}}]}}},"C:\\Users\\Ricardo\\Desktop\\TCC SERVER\\routes\\graphs.js":{"path":"C:\\Users\\Ricardo\\Desktop\\TCC SERVER\\routes\\graphs.js","s":{"1":1,"2":1,"3":1,"4":1,"5":1,"6":1,"7":1,"8":1},"b":{},"f":{"1":1,"2":1},"fnMap":{"1":{"name":"(anonymous_1)","line":6,"loc":{"start":{"line":6,"column":27},"end":{"line":6,"column":47}}},"2":{"name":"(anonymous_2)","line":7,"loc":{"start":{"line":7,"column":19},"end":{"line":7,"column":38}}}},"statementMap":{"1":{"start":{"line":1,"column":0},"end":{"line":1,"column":33}},"2":{"start":{"line":2,"column":0},"end":{"line":2,"column":65}},"3":{"start":{"line":4,"column":0},"end":{"line":4,"column":30}},"4":{"start":{"line":6,"column":0},"end":{"line":12,"column":3}},"5":{"start":{"line":7,"column":4},"end":{"line":9,"column":6}},"6":{"start":{"line":8,"column":8},"end":{"line":8,"column":39}},"7":{"start":{"line":10,"column":3},"end":{"line":10,"column":45}},"8":{"start":{"line":14,"column":0},"end":{"line":14,"column":24}}},"branchMap":{}},"C:\\Users\\Ricardo\\Desktop\\TCC SERVER\\services\\graphs\\graphs_service.js":{"path":"C:\\Users\\Ricardo\\Desktop\\TCC SERVER\\services\\graphs\\graphs_service.js","s":{"1":1,"2":1,"3":1,"4":1,"5":1,"6":0,"7":1,"8":1},"b":{"1":[0,1]},"f":{"1":1,"2":1},"fnMap":{"1":{"name":"(anonymous_1)","line":4,"loc":{"start":{"line":4,"column":24},"end":{"line":4,"column":44}}},"2":{"name":"(anonymous_2)","line":14,"loc":{"start":{"line":14,"column":45},"end":{"line":14,"column":74}}}},"statementMap":{"1":{"start":{"line":1,"column":0},"end":{"line":1,"column":30}},"2":{"start":{"line":2,"column":0},"end":{"line":2,"column":39}},"3":{"start":{"line":4,"column":0},"end":{"line":21,"column":2}},"4":{"start":{"line":5,"column":4},"end":{"line":20,"column":11}},"5":{"start":{"line":15,"column":12},"end":{"line":19,"column":13}},"6":{"start":{"line":16,"column":16},"end":{"line":16,"column":26}},"7":{"start":{"line":18,"column":16},"end":{"line":18,"column":31}},"8":{"start":{"line":23,"column":0},"end":{"line":23,"column":53}}},"branchMap":{"1":{"line":15,"type":"if","locations":[{"start":{"line":15,"column":12},"end":{"line":15,"column":12}},{"start":{"line":15,"column":12},"end":{"line":15,"column":12}}]}}}}