TN:
SF:C:\Users\Ricardo\Desktop\TCC SERVER\server.js
FN:18,(anonymous_1)
FN:22,(anonymous_2)
FN:28,(anonymous_3)
FNF:3
FNH:3
FNDA:1,(anonymous_1)
FNDA:13,(anonymous_2)
FNDA:1,(anonymous_3)
DA:1,1
DA:2,1
DA:3,1
DA:4,1
DA:5,1
DA:6,1
DA:8,1
DA:9,1
DA:11,1
DA:12,1
DA:13,1
DA:15,1
DA:16,1
DA:18,1
DA:19,1
DA:22,1
DA:23,13
DA:24,13
DA:25,13
DA:28,1
DA:29,1
DA:32,1
DA:33,1
DA:34,1
DA:35,1
LF:25
LH:25
BRDA:15,1,0,1
BRDA:15,1,1,1
BRDA:16,2,0,1
BRDA:16,2,1,1
BRF:4
BRH:4
end_of_record
TN:
SF:C:\Users\Ricardo\Desktop\TCC SERVER\routes\user.js
FN:10,(anonymous_1)
FN:15,(anonymous_2)
FN:16,(anonymous_3)
FN:23,(anonymous_4)
FN:24,(anonymous_5)
FN:45,(anonymous_6)
FN:46,(anonymous_7)
FN:56,(anonymous_8)
FN:57,(anonymous_9)
FN:71,(anonymous_10)
FN:73,(anonymous_11)
FNF:11
FNH:8
FNDA:0,(anonymous_1)
FNDA:1,(anonymous_2)
FNDA:1,(anonymous_3)
FNDA:1,(anonymous_4)
FNDA:1,(anonymous_5)
FNDA:1,(anonymous_6)
FNDA:1,(anonymous_7)
FNDA:0,(anonymous_8)
FNDA:0,(anonymous_9)
FNDA:2,(anonymous_10)
FNDA:2,(anonymous_11)
DA:1,1
DA:2,1
DA:3,1
DA:5,1
DA:10,1
DA:11,0
DA:15,1
DA:16,1
DA:17,1
DA:19,1
DA:23,1
DA:24,1
DA:25,1
DA:26,1
DA:32,0
DA:39,1
DA:40,1
DA:45,1
DA:46,1
DA:47,1
DA:50,1
DA:56,1
DA:57,0
DA:58,0
DA:59,0
DA:61,0
DA:66,0
DA:71,1
DA:72,2
DA:73,2
DA:74,2
DA:75,1
DA:82,1
DA:87,2
DA:91,1
LF:35
LH:28
BRDA:25,1,0,1
BRDA:25,1,1,0
BRDA:58,2,0,0
BRDA:58,2,1,0
BRDA:74,3,0,1
BRDA:74,3,1,1
BRF:6
BRH:3
end_of_record
TN:
SF:C:\Users\Ricardo\Desktop\TCC SERVER\middlewares\user_middleware.js
FN:5,(anonymous_1)
FN:6,(anonymous_2)
FNF:2
FNH:2
FNDA:2,(anonymous_1)
FNDA:2,(anonymous_2)
DA:1,1
DA:5,1
DA:6,2
DA:7,2
DA:8,2
DA:9,1
DA:12,1
DA:17,1
LF:8
LH:8
BRDA:8,1,0,1
BRDA:8,1,1,1
BRF:2
BRH:2
end_of_record
TN:
SF:C:\Users\Ricardo\Desktop\TCC SERVER\util\db_conn.js
FN:12,(anonymous_1)
FNF:1
FNH:1
FNDA:1,(anonymous_1)
DA:1,1
DA:2,1
DA:4,1
DA:12,1
DA:13,1
DA:14,0
DA:15,0
DA:17,1
DA:20,1
LF:9
LH:7
BRDA:5,1,0,1
BRDA:5,1,1,1
BRDA:6,2,0,1
BRDA:6,2,1,1
BRDA:7,3,0,1
BRDA:7,3,1,1
BRDA:8,4,0,1
BRDA:8,4,1,1
BRDA:13,5,0,0
BRDA:13,5,1,1
BRF:10
BRH:9
end_of_record
TN:
SF:C:\Users\Ricardo\Desktop\TCC SERVER\services\user\user_service.js
FN:4,(anonymous_1)
FN:5,(anonymous_2)
FN:14,(anonymous_3)
FN:17,(anonymous_4)
FN:22,(anonymous_5)
FN:34,(anonymous_6)
FN:35,(anonymous_7)
FN:41,(anonymous_8)
FN:42,(anonymous_9)
FN:54,(anonymous_10)
FN:55,(anonymous_11)
FNF:11
FNH:9
FNDA:1,(anonymous_1)
FNDA:1,(anonymous_2)
FNDA:1,(anonymous_3)
FNDA:1,(anonymous_4)
FNDA:1,(anonymous_5)
FNDA:0,(anonymous_6)
FNDA:0,(anonymous_7)
FNDA:1,(anonymous_8)
FNDA:1,(anonymous_9)
FNDA:2,(anonymous_10)
FNDA:2,(anonymous_11)
DA:1,1
DA:4,1
DA:5,1
DA:6,1
DA:9,1
DA:14,1
DA:15,1
DA:16,1
DA:18,1
DA:19,0
DA:21,1
DA:22,1
DA:23,1
DA:24,0
DA:26,1
DA:34,1
DA:35,0
DA:36,0
DA:41,1
DA:42,1
DA:44,1
DA:45,0
DA:46,1
DA:47,1
DA:49,0
DA:54,1
DA:55,2
DA:56,2
DA:57,0
DA:58,2
DA:59,1
DA:61,1
DA:65,1
DA:66,1
DA:67,1
DA:68,1
DA:69,1
LF:37
LH:30
BRDA:6,1,0,0
BRDA:6,1,1,1
BRDA:18,2,0,0
BRDA:18,2,1,1
BRDA:23,3,0,0
BRDA:23,3,1,1
BRDA:44,4,0,0
BRDA:44,4,1,1
BRDA:46,5,0,1
BRDA:46,5,1,0
BRDA:56,6,0,0
BRDA:56,6,1,2
BRDA:58,7,0,1
BRDA:58,7,1,1
BRF:14
BRH:8
end_of_record
TN:
SF:C:\Users\Ricardo\Desktop\TCC SERVER\routes\mark.js
FN:15,(anonymous_1)
FN:17,(anonymous_2)
FN:24,(anonymous_3)
FN:25,(anonymous_4)
FN:33,(anonymous_5)
FN:36,(anonymous_6)
FN:58,(anonymous_7)
FN:61,(anonymous_8)
FNF:8
FNH:8
FNDA:2,(anonymous_1)
FNDA:2,(anonymous_2)
FNDA:1,(anonymous_3)
FNDA:1,(anonymous_4)
FNDA:1,(anonymous_5)
FNDA:1,(anonymous_6)
FNDA:1,(anonymous_7)
FNDA:1,(anonymous_8)
DA:1,1
DA:2,1
DA:3,1
DA:4,1
DA:6,1
DA:8,1
DA:15,1
DA:16,2
DA:17,2
DA:18,2
DA:20,2
DA:24,1
DA:25,1
DA:26,1
DA:28,1
DA:33,1
DA:34,1
DA:36,1
DA:37,1
DA:38,1
DA:46,1
DA:50,0
DA:58,1
DA:60,1
DA:62,1
DA:68,1
LF:26
LH:25
BRDA:37,1,0,1
BRDA:37,1,1,0
BRF:2
BRH:1
end_of_record
TN:
SF:C:\Users\Ricardo\Desktop\TCC SERVER\services\mark\mark_service.js
FN:3,(anonymous_1)
FN:5,(anonymous_2)
FN:13,(anonymous_3)
FN:17,(anonymous_4)
FN:27,(anonymous_5)
FN:29,(anonymous_6)
FN:42,(anonymous_7)
FN:46,(anonymous_8)
FNF:8
FNH:8
FNDA:1,(anonymous_1)
FNDA:1,(anonymous_2)
FNDA:2,(anonymous_3)
FNDA:2,(anonymous_4)
FNDA:1,(anonymous_5)
FNDA:1,(anonymous_6)
FNDA:1,(anonymous_7)
FNDA:1,(anonymous_8)
DA:1,1
DA:3,1
DA:4,1
DA:6,1
DA:7,0
DA:9,1
DA:13,1
DA:14,2
DA:18,2
DA:19,0
DA:22,2
DA:27,1
DA:28,1
DA:30,1
DA:31,0
DA:32,1
DA:34,1
DA:37,0
DA:42,1
DA:43,1
DA:47,1
DA:48,0
DA:50,1
DA:54,1
DA:55,1
DA:56,1
DA:57,1
LF:27
LH:22
BRDA:6,1,0,0
BRDA:6,1,1,1
BRDA:18,2,0,0
BRDA:18,2,1,2
BRDA:30,3,0,0
BRDA:30,3,1,1
BRDA:32,4,0,1
BRDA:32,4,1,0
BRDA:47,5,0,0
BRDA:47,5,1,1
BRF:10
BRH:5
end_of_record
TN:
SF:C:\Users\Ricardo\Desktop\TCC SERVER\services\push\push_service.js
FN:9,(anonymous_1)
FN:14,(anonymous_2)
FN:31,(anonymous_3)
FN:53,(anonymous_4)
FN:57,(anonymous_5)
FNF:5
FNH:4
FNDA:1,(anonymous_1)
FNDA:1,(anonymous_2)
FNDA:1,(anonymous_3)
FNDA:1,(anonymous_4)
FNDA:0,(anonymous_5)
DA:1,1
DA:2,1
DA:3,1
DA:5,1
DA:6,1
DA:9,1
DA:11,1
DA:15,1
DA:16,0
DA:21,1
DA:23,1
DA:24,1
DA:26,1
DA:31,1
DA:32,1
DA:33,1
DA:34,1
DA:35,1
DA:36,1
DA:37,1
DA:38,1
DA:44,1
DA:45,1
DA:46,1
DA:53,1
DA:55,1
DA:58,0
DA:59,0
DA:64,1
LF:29
LH:26
BRDA:15,1,0,0
BRDA:15,1,1,1
BRF:2
BRH:1
end_of_record
TN:
SF:C:\Users\Ricardo\Desktop\TCC SERVER\routes\cases.js
FN:6,(anonymous_1)
FN:10,(anonymous_2)
FNF:2
FNH:2
FNDA:1,(anonymous_1)
FNDA:1,(anonymous_2)
DA:1,1
DA:2,1
DA:4,1
DA:6,1
DA:7,1
DA:8,1
DA:9,1
DA:10,1
DA:11,1
DA:13,1
DA:16,1
LF:11
LH:11
BRF:0
BRH:0
end_of_record
TN:
SF:C:\Users\Ricardo\Desktop\TCC SERVER\services\cases\cases_service.js
FN:3,(anonymous_1)
FN:14,(anonymous_2)
FNF:2
FNH:2
FNDA:1,(anonymous_1)
FNDA:1,(anonymous_2)
DA:1,1
DA:3,1
DA:4,1
DA:15,1
DA:16,0
DA:18,1
DA:23,1
LF:7
LH:6
BRDA:15,1,0,0
BRDA:15,1,1,1
BRF:2
BRH:1
end_of_record
TN:
SF:C:\Users\Ricardo\Desktop\TCC SERVER\routes\graphs.js
FN:6,(anonymous_1)
FN:7,(anonymous_2)
FNF:2
FNH:2
FNDA:1,(anonymous_1)
FNDA:1,(anonymous_2)
DA:1,1
DA:2,1
DA:4,1
DA:6,1
DA:7,1
DA:8,1
DA:10,1
DA:14,1
LF:8
LH:8
BRF:0
BRH:0
end_of_record
TN:
SF:C:\Users\Ricardo\Desktop\TCC SERVER\services\graphs\graphs_service.js
FN:4,(anonymous_1)
FN:14,(anonymous_2)
FNF:2
FNH:2
FNDA:1,(anonymous_1)
FNDA:1,(anonymous_2)
DA:1,1
DA:2,1
DA:4,1
DA:5,1
DA:15,1
DA:16,0
DA:18,1
DA:23,1
LF:8
LH:7
BRDA:15,1,0,0
BRDA:15,1,1,1
BRF:2
BRH:1
end_of_record
